<?xml version="1.0" encoding="UTF-8"?>
<testsuite name="com.demokubuntu.main.MainApplicationTests" tests="1" skipped="0" failures="0" errors="0" timestamp="2022-12-03T15:59:48" hostname="malki" time="0.345">
  <properties/>
  <testcase name="contextLoads()" classname="com.demokubuntu.main.MainApplicationTests" time="0.345"/>
  <system-out><![CDATA[16:59:47.256 [Test worker] DEBUG org.springframework.boot.test.context.SpringBootTestContextBootstrapper - Neither @ContextConfiguration nor @ContextHierarchy found for test class [MainApplicationTests]: using SpringBootContextLoader
16:59:47.263 [Test worker] DEBUG org.springframework.test.context.support.AbstractContextLoader - Could not detect default resource locations for test class [com.demokubuntu.main.MainApplicationTests]: no resource found for suffixes {-context.xml, Context.groovy}.
16:59:47.263 [Test worker] INFO org.springframework.test.context.support.AnnotationConfigContextLoaderUtils - Could not detect default configuration classes for test class [com.demokubuntu.main.MainApplicationTests]: MainApplicationTests does not declare any static, non-private, non-final, nested classes annotated with @Configuration.
16:59:47.287 [Test worker] DEBUG org.springframework.boot.test.context.SpringBootTestContextBootstrapper - Using ContextCustomizers for test class [MainApplicationTests]: [DisableObservabilityContextCustomizer, PropertyMappingContextCustomizer, Customizer, ExcludeFilterContextCustomizer, DuplicateJsonObjectContextCustomizer, MockitoContextCustomizer, TestRestTemplateContextCustomizer]
16:59:47.349 [Test worker] DEBUG org.springframework.context.annotation.ClassPathScanningCandidateComponentProvider - Identified candidate component class: file [/home/malki/Documents/demoKubuntu/main/build/classes/java/main/com/demokubuntu/main/MainApplication.class]
16:59:47.351 [Test worker] INFO org.springframework.boot.test.context.SpringBootTestContextBootstrapper - Found @SpringBootConfiguration com.demokubuntu.main.MainApplication for test class com.demokubuntu.main.MainApplicationTests
16:59:47.435 [Test worker] DEBUG org.springframework.test.context.util.TestContextSpringFactoriesUtils - Skipping candidate TestExecutionListener [org.springframework.test.context.transaction.TransactionalTestExecutionListener] due to a missing dependency. Specify custom TestExecutionListener classes or make the default TestExecutionListener classes and their required dependencies available. Offending class: [org/springframework/transaction/interceptor/TransactionAttributeSource]
16:59:47.437 [Test worker] DEBUG org.springframework.test.context.util.TestContextSpringFactoriesUtils - Skipping candidate TestExecutionListener [org.springframework.test.context.jdbc.SqlScriptsTestExecutionListener] due to a missing dependency. Specify custom TestExecutionListener classes or make the default TestExecutionListener classes and their required dependencies available. Offending class: [org/springframework/transaction/interceptor/TransactionAttribute]
16:59:47.440 [Test worker] DEBUG org.springframework.boot.test.context.SpringBootTestContextBootstrapper - Using TestExecutionListeners for test class [MainApplicationTests]: [ServletTestExecutionListener, DirtiesContextBeforeModesTestExecutionListener, ApplicationEventsTestExecutionListener, MockitoTestExecutionListener, DependencyInjectionTestExecutionListener, DirtiesContextTestExecutionListener, EventPublishingTestExecutionListener, RestDocsTestExecutionListener, MockRestServiceServerResetTestExecutionListener, MockMvcPrintOnlyOnFailureTestExecutionListener, WebDriverTestExecutionListener, MockWebServiceServerTestExecutionListener, ResetMocksTestExecutionListener]
16:59:47.441 [Test worker] DEBUG org.springframework.test.context.support.AbstractDirtiesContextTestExecutionListener - Before test class: class [MainApplicationTests], class annotated with @DirtiesContext [false] with mode [null]

  .   ____          _            __ _ _
 /\\ / ___'_ __ _ _(_)_ __  __ _ \ \ \ \
( ( )\___ | '_ | '_| | '_ \/ _` | \ \ \ \
 \\/  ___)| |_)| | | | | || (_| |  ) ) ) )
  '  |____| .__|_| |_|_| |_\__, | / / / /
 =========|_|==============|___/=/_/_/_/
 :: Spring Boot ::                (v3.0.0)

2022-12-03T16:59:47.712+01:00  INFO 22812 --- [    Test worker] c.demokubuntu.main.MainApplicationTests  : Starting MainApplicationTests using Java 17.0.5 with PID 22812 (started by malki in /home/malki/Documents/demoKubuntu/main)
2022-12-03T16:59:47.714+01:00  INFO 22812 --- [    Test worker] c.demokubuntu.main.MainApplicationTests  : No active profile set, falling back to 1 default profile: "default"
2022-12-03T16:59:48.757+01:00  INFO 22812 --- [    Test worker] c.demokubuntu.main.MainApplicationTests  : Started MainApplicationTests in 1.274 seconds (process running for 2.312)
]]></system-out>
  <system-err><![CDATA[]]></system-err>
</testsuite>
